<?xml version="1.0" encoding="UTF-8"?>
<testsuite name="agragar producto a carrito y validar que se agrego" tests="1" skipped="0" failures="0" errors="0" timestamp="2023-08-26T18:16:13" hostname="SQABOG-TGP4980" time="65.647">
  <properties/>
  <testcase name="Brandon ingresa y agrega un producto en app exito" classname="agragar producto a carrito y validar que se agrego" time="65.647"/>
  <system-out><![CDATA[Celular Xiaomi Redmi Note 12S 256Gb / 8Ram / 108Mp Gris
Celular Xiaomi Redmi Note 12S 256Gb / 8Ram / 108Mp Gris
]]></system-out>
  <system-err><![CDATA[ago 26, 2023 1:16:26 PM io.appium.java_client.remote.AppiumCommandExecutor$1 lambda$0
INFORMACIÃ“N: Detected dialect: OSS
[Test worker] INFO net.thucydides.core.steps.ConsoleLoggingListener - 
        __    _____ _____ ____ _____   ____   _    ____  ____  _____ ____  
  _     \ \  |_   _| ____/ ___|_   _| |  _ \ / \  / ___|/ ___|| ____|  _ \ 
 (_)_____| |   | | |  _| \___ \ | |   | |_) / _ \ \___ \\___ \|  _| | | | |
  _|_____| |   | | | |___ ___) || |   |  __/ ___ \ ___) |___) | |___| |_| |
 (_)     | |   |_| |_____|____/ |_|   |_| /_/   \_\____/|____/|_____|____/ 
        /_/                                                                

TEST PASSED: Brandon ingresa y agrega un producto en app exito
----------------------------------------------------------------------------
]]></system-err>
</testsuite>
